<?xml version="1.0" encoding="UTF-8"?>
<!-- Generated by org.testng.reporters.JUnitXMLReporter -->
<testsuite ignored="2" hostname="DESKTOP-JD5CIJK" failures="0" tests="1" name="Default test" time="6.386" errors="0" timestamp="2024-07-25T19:09:18 IST">
  <testcase classname="testNGExamples.TestNGExample" name="shouldSearchWiki" time="1.452"/>
  <testcase classname="testNGExamples.TestNGExample" name="shouldClickButton" time="0.0">
    <ignored/>
  </testcase> <!-- shouldClickButton -->
  <testcase classname="testNGExamples.TestNGExample" name="shouldCheckTheBox" time="0.0">
    <ignored/>
  </testcase> <!-- shouldCheckTheBox -->
</testsuite> <!-- Default test -->
